\BOOKMARK [0][-]{chapter*.5}{Indice de Figuras}{}% 1
\BOOKMARK [0][-]{chapter*.6}{Indice de Tablas}{}% 2
\BOOKMARK [-1][-]{part.1}{I Aspectos Generales}{}% 3
\BOOKMARK [0][-]{chapter.1}{Aspectos Generales}{part.1}% 4
\BOOKMARK [1][-]{section.1.1}{Aspectos Generales}{chapter.1}% 5
\BOOKMARK [2][-]{subsection.1.1.1}{Descripci\363n del Problema}{section.1.1}% 6
\BOOKMARK [2][-]{subsection.1.1.2}{Identificaci\363n del Problema}{section.1.1}% 7
\BOOKMARK [1][-]{section.1.2}{Antecedentes}{chapter.1}% 8
\BOOKMARK [1][-]{section.1.3}{Objetivos}{chapter.1}% 9
\BOOKMARK [2][-]{subsection.1.3.1}{Objetivo General}{section.1.3}% 10
\BOOKMARK [2][-]{subsection.1.3.2}{Objetivos Espec\355ficos}{section.1.3}% 11
\BOOKMARK [1][-]{section.1.4}{Alcances}{chapter.1}% 12
\BOOKMARK [1][-]{section.1.5}{Justificaci\363n}{chapter.1}% 13
\BOOKMARK [1][-]{section.1.6}{Metodolog\355a}{chapter.1}% 14
\BOOKMARK [1][-]{section.1.7}{Limitaciones}{chapter.1}% 15
\BOOKMARK [1][-]{section.1.8}{Cronograma de Actividades}{chapter.1}% 16
\BOOKMARK [-1][-]{part.2}{II Marco Teorico}{}% 17
\BOOKMARK [0][-]{chapter.2}{Marco Te\363rico}{part.2}% 18
\BOOKMARK [1][-]{section.2.1}{Conceptos de Visi\363n}{chapter.2}% 19
\BOOKMARK [2][-]{subsection.2.1.1}{Visi\363n Humana}{section.2.1}% 20
\BOOKMARK [2][-]{subsection.2.1.2}{Visi\363n por Computador}{section.2.1}% 21
\BOOKMARK [1][-]{section.2.2}{Deteccion de Rostros}{chapter.2}% 22
\BOOKMARK [2][-]{subsection.2.2.1}{Haar Cascade}{section.2.2}% 23
\BOOKMARK [1][-]{section.2.3}{Redes Neuronales}{chapter.2}% 24
\BOOKMARK [2][-]{subsection.2.3.1}{Biol\363gicas}{section.2.3}% 25
\BOOKMARK [2][-]{subsection.2.3.2}{Artificiales}{section.2.3}% 26
\BOOKMARK [1][-]{section.2.4}{Arquitectura de una Red Neuronal Artificial}{chapter.2}% 27
\BOOKMARK [2][-]{subsection.2.4.1}{Capas}{section.2.4}% 28
\BOOKMARK [2][-]{subsection.2.4.2}{Funciones de Activaci\363n}{section.2.4}% 29
\BOOKMARK [2][-]{subsection.2.4.3}{Bias o Sesgo}{section.2.4}% 30
\BOOKMARK [1][-]{section.2.5}{Implementaci\363n de una Red Neuronal Artificial}{chapter.2}% 31
\BOOKMARK [1][-]{section.2.6}{Backpropagation}{chapter.2}% 32
\BOOKMARK [1][-]{section.2.7}{Deep Learning}{chapter.2}% 33
\BOOKMARK [1][-]{section.2.8}{Redes mas Comunes Consideradas dentro del Deep Learning}{chapter.2}% 34
\BOOKMARK [2][-]{subsection.2.8.1}{Autoencoder}{section.2.8}% 35
\BOOKMARK [2][-]{subsection.2.8.2}{Redes Neuronales Recurrentes}{section.2.8}% 36
\BOOKMARK [2][-]{subsection.2.8.3}{Redes Neuronales Convolucionales}{section.2.8}% 37
\BOOKMARK [1][-]{section.2.9}{Arquitectura de una Red Neuronal Convolucional}{chapter.2}% 38
\BOOKMARK [2][-]{subsection.2.9.1}{Capa de Convoluci\363n}{section.2.9}% 39
\BOOKMARK [2][-]{subsection.2.9.2}{Submuestreo}{section.2.9}% 40
\BOOKMARK [2][-]{subsection.2.9.3}{Capa de normalizaci\363n}{section.2.9}% 41
\BOOKMARK [2][-]{subsection.2.9.4}{Capa totalmente conectada}{section.2.9}% 42
\BOOKMARK [2][-]{subsection.2.9.5}{Funci\363n de normalizaci\363n\(Softmax\)}{section.2.9}% 43
\BOOKMARK [1][-]{section.2.10}{Entrenamiento de una Red Neuronal Convolucional}{chapter.2}% 44
\BOOKMARK [1][-]{section.2.11}{Sobre las Expresiones Faciales}{chapter.2}% 45
\BOOKMARK [2][-]{subsection.2.11.1}{Paul Ekman}{section.2.11}% 46
\BOOKMARK [2][-]{subsection.2.11.2}{Las seis emociones b\341sicas}{section.2.11}% 47
\BOOKMARK [2][-]{subsection.2.11.3}{Otras expresiones faciales}{section.2.11}% 48
\BOOKMARK [-1][-]{part.3}{III Desarrollo del Proyecto}{}% 49
\BOOKMARK [0][-]{chapter.3}{DESARROLLO DEL DETECTOR DE ROSTRO Y LA ARQUITECTURA DE LA CNN}{part.3}% 50
\BOOKMARK [1][-]{section.3.1}{DETECCI\323N DE ROSTROS}{chapter.3}% 51
\BOOKMARK [1][-]{section.3.2}{ARQUITECTURA PROPUESTA}{chapter.3}% 52
\BOOKMARK [1][-]{section.3.3}{EXPERIMENTACI\323N EN LA ELECCI\323N DE PAR\301METROS Y CAPAS EN LA CONSTRUCCI\323N DE LA ARQUITECTURA CNN}{chapter.3}% 53
\BOOKMARK [1][-]{section.3.4}{DESCRIPCI\323N DE LAS CAPAS DE LA ARQUITECTURA}{chapter.3}% 54
\BOOKMARK [1][-]{section.3.5}{PARAMETROS DE LA ARQUITECTURA}{chapter.3}% 55
\BOOKMARK [1][-]{section.3.6}{ENTRENAMIENDO DE LA CNN}{chapter.3}% 56
\BOOKMARK [1][-]{section.3.7}{TEST AL MODELO CREADO}{chapter.3}% 57
\BOOKMARK [1][-]{section.3.8}{RECOPILACI\323N DE IMAGENES DE EXPRESIONES FACIALES}{chapter.3}% 58
\BOOKMARK [1][-]{section.3.9}{BASE DE DATOS}{chapter.3}% 59
\BOOKMARK [2][-]{subsection.3.9.1}{FER2013}{section.3.9}% 60
\BOOKMARK [1][-]{section.3.10}{CK+}{chapter.3}% 61
\BOOKMARK [1][-]{section.3.11}{FER2013 - CK+}{chapter.3}% 62
\BOOKMARK [1][-]{section.3.12}{RESULTADOS EXPERIMENTALES}{chapter.3}% 63
\BOOKMARK [2][-]{subsection.3.12.1}{FER2013}{section.3.12}% 64
\BOOKMARK [2][-]{subsection.3.12.2}{CK+}{section.3.12}% 65
\BOOKMARK [2][-]{subsection.3.12.3}{FER2013 - CK+}{section.3.12}% 66
\BOOKMARK [0][-]{chapter*.66}{Resultados}{part.3}% 67
\BOOKMARK [0][-]{chapter*.67}{Conclusiones}{part.3}% 68
\BOOKMARK [0][-]{chapter*.68}{Recomendaciones}{part.3}% 69
\BOOKMARK [0][-]{chapter*.69}{Trabajos Futuros}{part.3}% 70
\BOOKMARK [0][-]{chapter*.69}{Bibliografia}{part.3}% 71
\BOOKMARK [0][-]{appendix.Alph1}{OTROS CONCEPTOS}{part.3}% 72
\BOOKMARK [0][-]{appendix.Alph2}{TESTING}{part.3}% 73
\BOOKMARK [0][-]{appendix.Alph3}{HERRAMIENTAS}{part.3}% 74
\BOOKMARK [0][-]{appendix.Alph4}{GLOSARIO}{part.3}% 75
\BOOKMARK [0][-]{appendix.Alph5}{ACRONIMOS}{part.3}% 76
